[35mmy-app:start[0m: cache hit, replaying output [2md23418112d865a7d[0m
[35mmy-app:start: [0m$ react-scripts start
[35mmy-app:start: [0m(node:21648) [DEP_WEBPACK_DEV_SERVER_ON_AFTER_SETUP_MIDDLEWARE] DeprecationWarning: 'onAfterSetupMiddleware' option is deprecated. Please use the 'setupMiddlewares' option.
[35mmy-app:start: [0m(Use `node --trace-deprecation ...` to show where the warning was created)
[35mmy-app:start: [0m(node:21648) [DEP_WEBPACK_DEV_SERVER_ON_BEFORE_SETUP_MIDDLEWARE] DeprecationWarning: 'onBeforeSetupMiddleware' option is deprecated. Please use the 'setupMiddlewares' option.
[35mmy-app:start: [0mStarting the development server...
[35mmy-app:start: [0m
[35mmy-app:start: [0mCompiled successfully!
[35mmy-app:start: [0m
[35mmy-app:start: [0mYou can now view my-app in the browser.
[35mmy-app:start: [0m
[35mmy-app:start: [0m  Local:            http://localhost:3000
[35mmy-app:start: [0m  On Your Network:  http://192.168.0.173:3000
[35mmy-app:start: [0m
[35mmy-app:start: [0mNote that the development build is not optimized.
[35mmy-app:start: [0mTo create a production build, use npm run build.
[35mmy-app:start: [0m
[35mmy-app:start: [0mwebpack compiled [1m[32msuccessfully[39m[22m
[35mmy-app:start: [0mFiles successfully emitted, waiting for typecheck results...
[35mmy-app:start: [0mIssues checking in progress...
[35mmy-app:start: [0mNo issues found.
[35mmy-app:start: [0mCompiling...
[35mmy-app:start: [0mCompiled successfully!
[35mmy-app:start: [0mwebpack compiled [1m[32msuccessfully[39m[22m
[35mmy-app:start: [0mERROR in src/App.tsx:9:8
[35mmy-app:start: [0mTS2559: Type '{ children: Element; }' has no properties in common with type 'IntrinsicAttributes'.
[35mmy-app:start: [0m     7 |   return (
[35mmy-app:start: [0m     8 |     <div className="App">
[35mmy-app:start: [0m  >  9 |       <AppContainer>
[35mmy-app:start: [0m       |        ^^^^^^^^^^^^
[35mmy-app:start: [0m    10 |         <Header />
[35mmy-app:start: [0m    11 |       </AppContainer>
[35mmy-app:start: [0m    12 |       <TextField />
[35mmy-app:start: [0m
[35mmy-app:start: [0mCompiling...
[35mmy-app:start: [0mCompiled with warnings.
[35mmy-app:start: [0m
[35mmy-app:start: [0m[eslint] 
[35mmy-app:start: [0msrc\App.tsx
[35mmy-app:start: [0m  Line 4:10:  'Header' is defined but never used  @typescript-eslint/no-unused-vars
[35mmy-app:start: [0m
[35mmy-app:start: [0mSearch for the keywords to learn more about each warning.
[35mmy-app:start: [0mTo ignore, add // eslint-disable-next-line to the line before.
[35mmy-app:start: [0m
[35mmy-app:start: [0m[1m[33mWARNING[39m[22m in [1m[eslint] 
[35mmy-app:start: [0msrc\App.tsx
[35mmy-app:start: [0m  Line 4:10:  'Header' is defined but never used  @typescript-eslint/no-unused-vars
[35mmy-app:start: [0m
[35mmy-app:start: [0m[39m[22m
[35mmy-app:start: [0m
[35mmy-app:start: [0mwebpack compiled with [1m[33m1 warning[39m[22m
[35mmy-app:start: [0mNo issues found.
[35mmy-app:start: [0mCompiling...
[35mmy-app:start: [0mCompiled with warnings.
[35mmy-app:start: [0m
[35mmy-app:start: [0m[eslint] 
[35mmy-app:start: [0msrc\App.tsx
[35mmy-app:start: [0m  Line 4:10:  'Header' is defined but never used  @typescript-eslint/no-unused-vars
[35mmy-app:start: [0m
[35mmy-app:start: [0mSearch for the keywords to learn more about each warning.
[35mmy-app:start: [0mTo ignore, add // eslint-disable-next-line to the line before.
[35mmy-app:start: [0m
[35mmy-app:start: [0m[1m[33mWARNING[39m[22m in [1m[eslint] 
[35mmy-app:start: [0msrc\App.tsx
[35mmy-app:start: [0m  Line 4:10:  'Header' is defined but never used  @typescript-eslint/no-unused-vars
[35mmy-app:start: [0m
[35mmy-app:start: [0m[39m[22m
[35mmy-app:start: [0m
[35mmy-app:start: [0mwebpack compiled with [1m[33m1 warning[39m[22m
[35mmy-app:start: [0mNo issues found.
[35mmy-app:start: [0mCompiling...
[35mmy-app:start: [0mCompiled with warnings.
[35mmy-app:start: [0m
[35mmy-app:start: [0m[eslint] 
[35mmy-app:start: [0msrc\App.tsx
[35mmy-app:start: [0m  Line 4:10:  'Header' is defined but never used  @typescript-eslint/no-unused-vars
[35mmy-app:start: [0m
[35mmy-app:start: [0mSearch for the keywords to learn more about each warning.
[35mmy-app:start: [0mTo ignore, add // eslint-disable-next-line to the line before.
[35mmy-app:start: [0m
[35mmy-app:start: [0m[1m[33mWARNING[39m[22m in [1m[eslint] 
[35mmy-app:start: [0msrc\App.tsx
[35mmy-app:start: [0m  Line 4:10:  'Header' is defined but never used  @typescript-eslint/no-unused-vars
[35mmy-app:start: [0m
[35mmy-app:start: [0m[39m[22m
[35mmy-app:start: [0m
[35mmy-app:start: [0mwebpack compiled with [1m[33m1 warning[39m[22m
[35mmy-app:start: [0mNo issues found.
[35mmy-app:start: [0mCompiling...
[35mmy-app:start: [0mFailed to compile.
[35mmy-app:start: [0m
[35mmy-app:start: [0m[eslint] 
[35mmy-app:start: [0msrc\features\AppContainer.tsx
[35mmy-app:start: [0m  Line 17:8:  'Header' is not defined  react/jsx-no-undef
[35mmy-app:start: [0m
[35mmy-app:start: [0mSearch for the keywords to learn more about each error.
[35mmy-app:start: [0m[1m[33mWARNING[39m[22m in [1m[eslint] 
[35mmy-app:start: [0msrc\App.tsx
[35mmy-app:start: [0m  Line 4:10:  'Header' is defined but never used  @typescript-eslint/no-unused-vars
[35mmy-app:start: [0m
[35mmy-app:start: [0m[39m[22m
[35mmy-app:start: [0m
[35mmy-app:start: [0m[1m[31mERROR[39m[22m in [1m[eslint] 
[35mmy-app:start: [0msrc\features\AppContainer.tsx
[35mmy-app:start: [0m  Line 17:8:  'Header' is not defined  react/jsx-no-undef
[35mmy-app:start: [0m
[35mmy-app:start: [0mSearch for the keywords to learn more about each [1m[31merror[39m[22m[1m.[39m[22m
[35mmy-app:start: [0m
[35mmy-app:start: [0mwebpack compiled with [1m[31m1 error[39m[22m and [1m[33m1 warning[39m[22m
[35mmy-app:start: [0mERROR in src/features/AppContainer.tsx:17:8
[35mmy-app:start: [0mTS2552: Cannot find name 'Header'. Did you mean 'Headers'?
[35mmy-app:start: [0m    15 |     <StyledContainer>
[35mmy-app:start: [0m    16 |       {" "}
[35mmy-app:start: [0m  > 17 |       <Header />
[35mmy-app:start: [0m       |        ^^^^^^
[35mmy-app:start: [0m    18 |     </StyledContainer>
[35mmy-app:start: [0m    19 |   );
[35mmy-app:start: [0m    20 | };
[35mmy-app:start: [0m
[35mmy-app:start: [0mCompiling...
[35mmy-app:start: [0mCompiled with warnings.
[35mmy-app:start: [0m
[35mmy-app:start: [0m[eslint] 
[35mmy-app:start: [0msrc\App.tsx
[35mmy-app:start: [0m  Line 4:10:  'Header' is defined but never used  @typescript-eslint/no-unused-vars
[35mmy-app:start: [0m
[35mmy-app:start: [0mSearch for the keywords to learn more about each warning.
[35mmy-app:start: [0mTo ignore, add // eslint-disable-next-line to the line before.
[35mmy-app:start: [0m
[35mmy-app:start: [0m[1m[33mWARNING[39m[22m in [1m[eslint] 
[35mmy-app:start: [0msrc\App.tsx
[35mmy-app:start: [0m  Line 4:10:  'Header' is defined but never used  @typescript-eslint/no-unused-vars
[35mmy-app:start: [0m
[35mmy-app:start: [0m[39m[22m
[35mmy-app:start: [0m
[35mmy-app:start: [0mwebpack compiled with [1m[33m1 warning[39m[22m
[35mmy-app:start: [0mFiles successfully emitted, waiting for typecheck results...
[35mmy-app:start: [0mIssues checking in progress...
[35mmy-app:start: [0mNo issues found.
[35mmy-app:start: [0mCompiling...
[35mmy-app:start: [0mCompiled with warnings.
[35mmy-app:start: [0m
[35mmy-app:start: [0m[eslint] 
[35mmy-app:start: [0msrc\App.tsx
[35mmy-app:start: [0m  Line 4:10:  'Header' is defined but never used  @typescript-eslint/no-unused-vars
[35mmy-app:start: [0m
[35mmy-app:start: [0mSearch for the keywords to learn more about each warning.
[35mmy-app:start: [0mTo ignore, add // eslint-disable-next-line to the line before.
[35mmy-app:start: [0m
[35mmy-app:start: [0m[1m[33mWARNING[39m[22m in [1m[eslint] 
[35mmy-app:start: [0msrc\App.tsx
[35mmy-app:start: [0m  Line 4:10:  'Header' is defined but never used  @typescript-eslint/no-unused-vars
[35mmy-app:start: [0m
[35mmy-app:start: [0m[39m[22m
[35mmy-app:start: [0m
[35mmy-app:start: [0mwebpack compiled with [1m[33m1 warning[39m[22m
[35mmy-app:start: [0mNo issues found.
[35mmy-app:start: [0mCompiling...
[35mmy-app:start: [0mCompiled with warnings.
[35mmy-app:start: [0m
[35mmy-app:start: [0m[eslint] 
[35mmy-app:start: [0msrc\App.tsx
[35mmy-app:start: [0m  Line 4:10:  'Header' is defined but never used  @typescript-eslint/no-unused-vars
[35mmy-app:start: [0m
[35mmy-app:start: [0mSearch for the keywords to learn more about each warning.
[35mmy-app:start: [0mTo ignore, add // eslint-disable-next-line to the line before.
[35mmy-app:start: [0m
[35mmy-app:start: [0m[1m[33mWARNING[39m[22m in [1m[eslint] 
[35mmy-app:start: [0msrc\App.tsx
[35mmy-app:start: [0m  Line 4:10:  'Header' is defined but never used  @typescript-eslint/no-unused-vars
[35mmy-app:start: [0m
[35mmy-app:start: [0m[39m[22m
[35mmy-app:start: [0m
[35mmy-app:start: [0mwebpack compiled with [1m[33m1 warning[39m[22m
[35mmy-app:start: [0mNo issues found.
[35mmy-app:start: [0mCompiling...
[35mmy-app:start: [0mCompiled with warnings.
[35mmy-app:start: [0m
[35mmy-app:start: [0m[eslint] 
[35mmy-app:start: [0msrc\App.tsx
[35mmy-app:start: [0m  Line 4:10:  'Header' is defined but never used  @typescript-eslint/no-unused-vars
[35mmy-app:start: [0m
[35mmy-app:start: [0mSearch for the keywords to learn more about each warning.
[35mmy-app:start: [0mTo ignore, add // eslint-disable-next-line to the line before.
[35mmy-app:start: [0m
[35mmy-app:start: [0m[1m[33mWARNING[39m[22m in [1m[eslint] 
[35mmy-app:start: [0msrc\App.tsx
[35mmy-app:start: [0m  Line 4:10:  'Header' is defined but never used  @typescript-eslint/no-unused-vars
[35mmy-app:start: [0m
[35mmy-app:start: [0m[39m[22m
[35mmy-app:start: [0m
[35mmy-app:start: [0mwebpack compiled with [1m[33m1 warning[39m[22m
[35mmy-app:start: [0mNo issues found.
[35mmy-app:start: [0mCompiling...
[35mmy-app:start: [0mCompiled with warnings.
[35mmy-app:start: [0m
[35mmy-app:start: [0m[eslint] 
[35mmy-app:start: [0msrc\App.tsx
[35mmy-app:start: [0m  Line 4:10:  'Header' is defined but never used  @typescript-eslint/no-unused-vars
[35mmy-app:start: [0m
[35mmy-app:start: [0msrc\features\Header.tsx
[35mmy-app:start: [0m  Line 3:8:  'logo' is defined but never used  @typescript-eslint/no-unused-vars
[35mmy-app:start: [0m
[35mmy-app:start: [0mSearch for the keywords to learn more about each warning.
[35mmy-app:start: [0mTo ignore, add // eslint-disable-next-line to the line before.
[35mmy-app:start: [0m
[35mmy-app:start: [0m[1m[33mWARNING[39m[22m in [1m[eslint] 
[35mmy-app:start: [0msrc\App.tsx
[35mmy-app:start: [0m  Line 4:10:  'Header' is defined but never used  @typescript-eslint/no-unused-vars
[35mmy-app:start: [0m
[35mmy-app:start: [0msrc\features\Header.tsx
[35mmy-app:start: [0m  Line 3:8:  'logo' is defined but never used  @typescript-eslint/no-unused-vars
[35mmy-app:start: [0m
[35mmy-app:start: [0m[39m[22m
[35mmy-app:start: [0m
[35mmy-app:start: [0mwebpack compiled with [1m[33m1 warning[39m[22m
[35mmy-app:start: [0mFiles successfully emitted, waiting for typecheck results...
[35mmy-app:start: [0mIssues checking in progress...
[35mmy-app:start: [0mNo issues found.
[35mmy-app:start: [0mCompiling...
[35mmy-app:start: [0mCompiled with warnings.
[35mmy-app:start: [0m
[35mmy-app:start: [0m[eslint] 
[35mmy-app:start: [0msrc\App.tsx
[35mmy-app:start: [0m  Line 4:10:  'Header' is defined but never used  @typescript-eslint/no-unused-vars
[35mmy-app:start: [0m
[35mmy-app:start: [0msrc\features\Header.tsx
[35mmy-app:start: [0m  Line 3:8:  'logo' is defined but never used  @typescript-eslint/no-unused-vars
[35mmy-app:start: [0m
[35mmy-app:start: [0mSearch for the keywords to learn more about each warning.
[35mmy-app:start: [0mTo ignore, add // eslint-disable-next-line to the line before.
[35mmy-app:start: [0m
[35mmy-app:start: [0m[1m[33mWARNING[39m[22m in [1m[eslint] 
[35mmy-app:start: [0msrc\App.tsx
[35mmy-app:start: [0m  Line 4:10:  'Header' is defined but never used  @typescript-eslint/no-unused-vars
[35mmy-app:start: [0m
[35mmy-app:start: [0msrc\features\Header.tsx
[35mmy-app:start: [0m  Line 3:8:  'logo' is defined but never used  @typescript-eslint/no-unused-vars
[35mmy-app:start: [0m
[35mmy-app:start: [0m[39m[22m
[35mmy-app:start: [0m
[35mmy-app:start: [0mwebpack compiled with [1m[33m1 warning[39m[22m
[35mmy-app:start: [0mNo issues found.
[35mmy-app:start: [0mCompiling...
[35mmy-app:start: [0mCompiled with warnings.
[35mmy-app:start: [0m
[35mmy-app:start: [0m[eslint] 
[35mmy-app:start: [0msrc\App.tsx
[35mmy-app:start: [0m  Line 4:10:  'Header' is defined but never used  @typescript-eslint/no-unused-vars
[35mmy-app:start: [0m
[35mmy-app:start: [0msrc\features\Header.tsx
[35mmy-app:start: [0m  Line 3:8:  'logo' is defined but never used  @typescript-eslint/no-unused-vars
[35mmy-app:start: [0m
[35mmy-app:start: [0mSearch for the keywords to learn more about each warning.
[35mmy-app:start: [0mTo ignore, add // eslint-disable-next-line to the line before.
[35mmy-app:start: [0m
[35mmy-app:start: [0m[1m[33mWARNING[39m[22m in [1m[eslint] 
[35mmy-app:start: [0msrc\App.tsx
[35mmy-app:start: [0m  Line 4:10:  'Header' is defined but never used  @typescript-eslint/no-unused-vars
[35mmy-app:start: [0m
[35mmy-app:start: [0msrc\features\Header.tsx
[35mmy-app:start: [0m  Line 3:8:  'logo' is defined but never used  @typescript-eslint/no-unused-vars
[35mmy-app:start: [0m
[35mmy-app:start: [0m[39m[22m
[35mmy-app:start: [0m
[35mmy-app:start: [0mwebpack compiled with [1m[33m1 warning[39m[22m
[35mmy-app:start: [0mNo issues found.
[35mmy-app:start: [0mCompiling...
[35mmy-app:start: [0mFailed to compile.
[35mmy-app:start: [0m
[35mmy-app:start: [0m[eslint] 
[35mmy-app:start: [0msrc\features\Header.tsx
[35mmy-app:start: [0mSyntax error: ',' expected (12:19)
[35mmy-app:start: [0m[1m[33mWARNING[39m[22m in [1m[eslint] 
[35mmy-app:start: [0msrc\App.tsx
[35mmy-app:start: [0m  Line 4:10:  'Header' is defined but never used  @typescript-eslint/no-unused-vars
[35mmy-app:start: [0m
[35mmy-app:start: [0m[39m[22m
[35mmy-app:start: [0m
[35mmy-app:start: [0m[1m[31mERROR[39m[22m in [1m./src/features/Header.tsx[39m[22m
[35mmy-app:start: [0m[1mModule build [1m[31mfailed[39m[22m[1m (from ../node_modules/babel-loader/lib/index.js):
[35mmy-app:start: [0mSyntaxError: D:\Coding\AnimeLibrary\client\src\features\Header.tsx: Missing semicolon. (12:19)
[35mmy-app:start: [0m
[35mmy-app:start: [0m  10 |
[35mmy-app:start: [0m  11 | const Logo = styled.div`
[35mmy-app:start: [0m> 12 |   background: url(`${logo});
[35mmy-app:start: [0m     |                    ^
[35mmy-app:start: [0m  13 | `;
[35mmy-app:start: [0m  14 |
[35mmy-app:start: [0m  15 | export const Header = () => {
[35mmy-app:start: [0m    at instantiate (D:\Coding\AnimeLibrary\node_modules\@babel\parser\lib\index.js:72:32)
[35mmy-app:start: [0m    at constructor (D:\Coding\AnimeLibrary\node_modules\@babel\parser\lib\index.js:359:12)
[35mmy-app:start: [0m    at Object.raise (D:\Coding\AnimeLibrary\node_modules\@babel\parser\lib\index.js:3339:19)
[35mmy-app:start: [0m    at Object.semicolon (D:\Coding\AnimeLibrary\node_modules\@babel\parser\lib\index.js:4000:10)
[35mmy-app:start: [0m    at Object.parseVarStatement (D:\Coding\AnimeLibrary\node_modules\@babel\parser\lib\index.js:15177:10)
[35mmy-app:start: [0m    at Object.parseVarStatement (D:\Coding\AnimeLibrary\node_modules\@babel\parser\lib\index.js:10323:31)
[35mmy-app:start: [0m    at Object.parseStatementContent (D:\Coding\AnimeLibrary\node_modules\@babel\parser\lib\index.js:14718:21)
[35mmy-app:start: [0m    at Object.parseStatementContent (D:\Coding\AnimeLibrary\node_modules\@babel\parser\lib\index.js:10364:18)
[35mmy-app:start: [0m    at Object.parseStatement (D:\Coding\AnimeLibrary\node_modules\@babel\parser\lib\index.js:14643:17)
[35mmy-app:start: [0m    at Object.parseBlockOrModuleBlockBody (D:\Coding\AnimeLibrary\node_modules\@babel\parser\lib\index.js:15286:25)[39m[22m
[35mmy-app:start: [0m
[35mmy-app:start: [0m[1m[31mERROR[39m[22m in [1m[eslint] 
[35mmy-app:start: [0msrc\features\Header.tsx
[35mmy-app:start: [0m  Line 12:19:  Parsing [1m[31merror[39m[22m[1m: ',' expected
[35mmy-app:start: [0m
[35mmy-app:start: [0m[39m[22m
[35mmy-app:start: [0m
[35mmy-app:start: [0mwebpack compiled with [1m[31m2 errors[39m[22m and [1m[33m1 warning[39m[22m
[35mmy-app:start: [0mFiles successfully emitted, waiting for typecheck results...
[35mmy-app:start: [0mIssues checking in progress...
[35mmy-app:start: [0mERROR in src/App.tsx:4:10
[35mmy-app:start: [0mTS2305: Module '"./features/Header"' has no exported member 'Header'.
[35mmy-app:start: [0m    2 | import TextField from "@mui/material/TextField";
[35mmy-app:start: [0m    3 | import { AppContainer } from "./features/AppContainer";
[35mmy-app:start: [0m  > 4 | import { Header } from "./features/Header";
[35mmy-app:start: [0m      |          ^^^^^^
[35mmy-app:start: [0m    5 |
[35mmy-app:start: [0m    6 | function App() {
[35mmy-app:start: [0m    7 |   return (
[35mmy-app:start: [0m
[35mmy-app:start: [0mERROR in src/features/AppContainer.tsx:3:10
[35mmy-app:start: [0mTS2305: Module '"./Header"' has no exported member 'Header'.
[35mmy-app:start: [0m    1 | import React from "react";
[35mmy-app:start: [0m    2 | import styled from "styled-components";
[35mmy-app:start: [0m  > 3 | import { Header } from "./Header";
[35mmy-app:start: [0m      |          ^^^^^^
[35mmy-app:start: [0m    4 |
[35mmy-app:start: [0m    5 | const StyledContainer = styled.div`
[35mmy-app:start: [0m    6 |   margin: 0 auto;
[35mmy-app:start: [0m
[35mmy-app:start: [0mERROR in src/features/Header.tsx
[35mmy-app:start: [0mTS1160: Unterminated template literal.
[35mmy-app:start: [0m
[35mmy-app:start: [0mERROR in src/features/Header.tsx:3:8
[35mmy-app:start: [0mTS2440: Import declaration conflicts with local declaration of 'logo'.
[35mmy-app:start: [0m    1 | import React from "react";
[35mmy-app:start: [0m    2 | import styled from "styled-components";
[35mmy-app:start: [0m  > 3 | import logo from "../assets/pikachu.png";
[35mmy-app:start: [0m      |        ^^^^
[35mmy-app:start: [0m    4 |
[35mmy-app:start: [0m    5 | const StyledHeader = styled.div`
[35mmy-app:start: [0m    6 |   width: 100%;
[35mmy-app:start: [0m
[35mmy-app:start: [0mERROR in src/features/Header.tsx:12:20
[35mmy-app:start: [0mTS1005: ',' expected.
[35mmy-app:start: [0m    10 |
[35mmy-app:start: [0m    11 | const Logo = styled.div`
[35mmy-app:start: [0m  > 12 |   background: url(`${logo});
[35mmy-app:start: [0m       |                    ^
[35mmy-app:start: [0m    13 | `;
[35mmy-app:start: [0m    14 |
[35mmy-app:start: [0m    15 | export const Header = () => {
[35mmy-app:start: [0m
[35mmy-app:start: [0mERROR in src/features/Header.tsx:12:20
[35mmy-app:start: [0mTS7005: Variable '$' implicitly has an 'any' type.
[35mmy-app:start: [0m    10 |
[35mmy-app:start: [0m    11 | const Logo = styled.div`
[35mmy-app:start: [0m  > 12 |   background: url(`${logo});
[35mmy-app:start: [0m       |                    ^
[35mmy-app:start: [0m    13 | `;
[35mmy-app:start: [0m    14 |
[35mmy-app:start: [0m    15 | export const Header = () => {
[35mmy-app:start: [0m
[35mmy-app:start: [0mERROR in src/features/Header.tsx:12:21
[35mmy-app:start: [0mTS1005: ',' expected.
[35mmy-app:start: [0m    10 |
[35mmy-app:start: [0m    11 | const Logo = styled.div`
[35mmy-app:start: [0m  > 12 |   background: url(`${logo});
[35mmy-app:start: [0m       |                     ^
[35mmy-app:start: [0m    13 | `;
[35mmy-app:start: [0m    14 |
[35mmy-app:start: [0m    15 | export const Header = () => {
[35mmy-app:start: [0m
[35mmy-app:start: [0mERROR in src/features/Header.tsx:12:22
[35mmy-app:start: [0mTS7031: Binding element 'logo' implicitly has an 'any' type.
[35mmy-app:start: [0m    10 |
[35mmy-app:start: [0m    11 | const Logo = styled.div`
[35mmy-app:start: [0m  > 12 |   background: url(`${logo});
[35mmy-app:start: [0m       |                      ^^^^
[35mmy-app:start: [0m    13 | `;
[35mmy-app:start: [0m    14 |
[35mmy-app:start: [0m    15 | export const Header = () => {
[35mmy-app:start: [0m
[35mmy-app:start: [0mERROR in src/features/Header.tsx:12:27
[35mmy-app:start: [0mTS1005: ',' expected.
[35mmy-app:start: [0m    10 |
[35mmy-app:start: [0m    11 | const Logo = styled.div`
[35mmy-app:start: [0m  > 12 |   background: url(`${logo});
[35mmy-app:start: [0m       |                           ^
[35mmy-app:start: [0m    13 | `;
[35mmy-app:start: [0m    14 |
[35mmy-app:start: [0m    15 | export const Header = () => {
[35mmy-app:start: [0m
[35mmy-app:start: [0mCompiling...
[35mmy-app:start: [0mFailed to compile.
[35mmy-app:start: [0m
[35mmy-app:start: [0m[eslint] 
[35mmy-app:start: [0msrc\features\Header.tsx
[35mmy-app:start: [0mSyntax error: ',' expected (12:15)
[35mmy-app:start: [0m[1m[33mWARNING[39m[22m in [1m[eslint] 
[35mmy-app:start: [0msrc\App.tsx
[35mmy-app:start: [0m  Line 4:10:  'Header' is defined but never used  @typescript-eslint/no-unused-vars
[35mmy-app:start: [0m
[35mmy-app:start: [0m[39m[22m
[35mmy-app:start: [0m
[35mmy-app:start: [0m[1m[31mERROR[39m[22m in [1m./src/features/Header.tsx[39m[22m
[35mmy-app:start: [0m[1mModule build [1m[31mfailed[39m[22m[1m (from ../node_modules/babel-loader/lib/index.js):
[35mmy-app:start: [0mSyntaxError: D:\Coding\AnimeLibrary\client\src\features\Header.tsx: Missing semicolon. (12:15)
[35mmy-app:start: [0m
[35mmy-app:start: [0m  10 |
[35mmy-app:start: [0m  11 | const Logo = styled.div`
[35mmy-app:start: [0m> 12 |   background: `url(${logo})`;
[35mmy-app:start: [0m     |                ^
[35mmy-app:start: [0m  13 | `;
[35mmy-app:start: [0m  14 |
[35mmy-app:start: [0m  15 | export const Header = () => {
[35mmy-app:start: [0m    at instantiate (D:\Coding\AnimeLibrary\node_modules\@babel\parser\lib\index.js:72:32)
[35mmy-app:start: [0m    at constructor (D:\Coding\AnimeLibrary\node_modules\@babel\parser\lib\index.js:359:12)
[35mmy-app:start: [0m    at Object.raise (D:\Coding\AnimeLibrary\node_modules\@babel\parser\lib\index.js:3339:19)
[35mmy-app:start: [0m    at Object.semicolon (D:\Coding\AnimeLibrary\node_modules\@babel\parser\lib\index.js:4000:10)
[35mmy-app:start: [0m    at Object.parseVarStatement (D:\Coding\AnimeLibrary\node_modules\@babel\parser\lib\index.js:15177:10)
[35mmy-app:start: [0m    at Object.parseVarStatement (D:\Coding\AnimeLibrary\node_modules\@babel\parser\lib\index.js:10323:31)
[35mmy-app:start: [0m    at Object.parseStatementContent (D:\Coding\AnimeLibrary\node_modules\@babel\parser\lib\index.js:14718:21)
[35mmy-app:start: [0m    at Object.parseStatementContent (D:\Coding\AnimeLibrary\node_modules\@babel\parser\lib\index.js:10364:18)
[35mmy-app:start: [0m    at Object.parseStatement (D:\Coding\AnimeLibrary\node_modules\@babel\parser\lib\index.js:14643:17)
[35mmy-app:start: [0m    at Object.parseBlockOrModuleBlockBody (D:\Coding\AnimeLibrary\node_modules\@babel\parser\lib\index.js:15286:25)[39m[22m
[35mmy-app:start: [0m
[35mmy-app:start: [0m[1m[31mERROR[39m[22m in [1m[eslint] 
[35mmy-app:start: [0msrc\features\Header.tsx
[35mmy-app:start: [0m  Line 12:15:  Parsing [1m[31merror[39m[22m[1m: ',' expected
[35mmy-app:start: [0m
[35mmy-app:start: [0m[39m[22m
[35mmy-app:start: [0m
[35mmy-app:start: [0mwebpack compiled with [1m[31m2 errors[39m[22m and [1m[33m1 warning[39m[22m
[35mmy-app:start: [0mFiles successfully emitted, waiting for typecheck results...
[35mmy-app:start: [0mIssues checking in progress...
[35mmy-app:start: [0mERROR in src/features/Header.tsx:12:16
[35mmy-app:start: [0mTS1005: ',' expected.
[35mmy-app:start: [0m    10 |
[35mmy-app:start: [0m    11 | const Logo = styled.div`
[35mmy-app:start: [0m  > 12 |   background: `url(${logo})`;
[35mmy-app:start: [0m       |                ^^^
[35mmy-app:start: [0m    13 | `;
[35mmy-app:start: [0m    14 |
[35mmy-app:start: [0m    15 | export const Header = () => {
[35mmy-app:start: [0m
[35mmy-app:start: [0mERROR in src/features/Header.tsx:12:16
[35mmy-app:start: [0mTS7005: Variable 'url' implicitly has an 'any' type.
[35mmy-app:start: [0m    10 |
[35mmy-app:start: [0m    11 | const Logo = styled.div`
[35mmy-app:start: [0m  > 12 |   background: `url(${logo})`;
[35mmy-app:start: [0m       |                ^^^
[35mmy-app:start: [0m    13 | `;
[35mmy-app:start: [0m    14 |
[35mmy-app:start: [0m    15 | export const Header = () => {
[35mmy-app:start: [0m
[35mmy-app:start: [0mERROR in src/features/Header.tsx:12:19
[35mmy-app:start: [0mTS1005: ',' expected.
[35mmy-app:start: [0m    10 |
[35mmy-app:start: [0m    11 | const Logo = styled.div`
[35mmy-app:start: [0m  > 12 |   background: `url(${logo})`;
[35mmy-app:start: [0m       |                   ^
[35mmy-app:start: [0m    13 | `;
[35mmy-app:start: [0m    14 |
[35mmy-app:start: [0m    15 | export const Header = () => {
[35mmy-app:start: [0m
[35mmy-app:start: [0mERROR in src/features/Header.tsx:12:20
[35mmy-app:start: [0mTS2581: Cannot find name '$'. Do you need to install type definitions for jQuery? Try `npm i --save-dev @types/jquery`.
[35mmy-app:start: [0m    10 |
[35mmy-app:start: [0m    11 | const Logo = styled.div`
[35mmy-app:start: [0m  > 12 |   background: `url(${logo})`;
[35mmy-app:start: [0m       |                    ^
[35mmy-app:start: [0m    13 | `;
[35mmy-app:start: [0m    14 |
[35mmy-app:start: [0m    15 | export const Header = () => {
[35mmy-app:start: [0m
[35mmy-app:start: [0mERROR in src/features/Header.tsx:12:21
[35mmy-app:start: [0mTS1005: ')' expected.
[35mmy-app:start: [0m    10 |
[35mmy-app:start: [0m    11 | const Logo = styled.div`
[35mmy-app:start: [0m  > 12 |   background: `url(${logo})`;
[35mmy-app:start: [0m       |                     ^
[35mmy-app:start: [0m    13 | `;
[35mmy-app:start: [0m    14 |
[35mmy-app:start: [0m    15 | export const Header = () => {
[35mmy-app:start: [0m
[35mmy-app:start: [0mERROR in src/features/Header.tsx:12:27
[35mmy-app:start: [0mTS1128: Declaration or statement expected.
[35mmy-app:start: [0m    10 |
[35mmy-app:start: [0m    11 | const Logo = styled.div`
[35mmy-app:start: [0m  > 12 |   background: `url(${logo})`;
[35mmy-app:start: [0m       |                           ^
[35mmy-app:start: [0m    13 | `;
[35mmy-app:start: [0m    14 |
[35mmy-app:start: [0m    15 | export const Header = () => {
[35mmy-app:start: [0m
[35mmy-app:start: [0mCompiling...
[35mmy-app:start: [0mCompiled with warnings.
[35mmy-app:start: [0m
[35mmy-app:start: [0m[eslint] 
[35mmy-app:start: [0msrc\App.tsx
[35mmy-app:start: [0m  Line 4:10:  'Header' is defined but never used  @typescript-eslint/no-unused-vars
[35mmy-app:start: [0m
[35mmy-app:start: [0mSearch for the keywords to learn more about each warning.
[35mmy-app:start: [0mTo ignore, add // eslint-disable-next-line to the line before.
[35mmy-app:start: [0m
[35mmy-app:start: [0m[1m[33mWARNING[39m[22m in [1m[eslint] 
[35mmy-app:start: [0msrc\App.tsx
[35mmy-app:start: [0m  Line 4:10:  'Header' is defined but never used  @typescript-eslint/no-unused-vars
[35mmy-app:start: [0m
[35mmy-app:start: [0m[39m[22m
[35mmy-app:start: [0m
[35mmy-app:start: [0mwebpack compiled with [1m[33m1 warning[39m[22m
[35mmy-app:start: [0mNo issues found.
[35mmy-app:start: [0mFailed to compile.
[35mmy-app:start: [0m
[35mmy-app:start: [0mModule not found: Error: Can't resolve '../assets/pikachu.png' in 'D:\Coding\AnimeLibrary\client\src\features'
[35mmy-app:start: [0m[1m[33mWARNING[39m[22m in [1m[eslint] 
[35mmy-app:start: [0msrc\App.tsx
[35mmy-app:start: [0m  Line 4:10:  'Header' is defined but never used  @typescript-eslint/no-unused-vars
[35mmy-app:start: [0m
[35mmy-app:start: [0m[39m[22m
[35mmy-app:start: [0m
[35mmy-app:start: [0m[1m[31mERROR[39m[22m in [1m./src/features/Header.tsx[39m[22m [1m[32m6:0-41[39m[22m
[35mmy-app:start: [0m[1mModule [1m[31mnot found[39m[22m[1m: [1m[31mError[39m[22m[1m: Can't resolve '../assets/pikachu.png' in 'D:\Coding\AnimeLibrary\client\src\features'[39m[22m
[35mmy-app:start: [0m
[35mmy-app:start: [0mwebpack compiled with [1m[31m1 error[39m[22m and [1m[33m1 warning[39m[22m
[35mmy-app:start: [0mNo issues found.
[35mmy-app:start: [0mCompiling...
[35mmy-app:start: [0mCompiled with warnings.
[35mmy-app:start: [0m
[35mmy-app:start: [0m[eslint] 
[35mmy-app:start: [0msrc\App.tsx
[35mmy-app:start: [0m  Line 4:10:  'Header' is defined but never used  @typescript-eslint/no-unused-vars
[35mmy-app:start: [0m
[35mmy-app:start: [0mSearch for the keywords to learn more about each warning.
[35mmy-app:start: [0mTo ignore, add // eslint-disable-next-line to the line before.
[35mmy-app:start: [0m
[35mmy-app:start: [0m[1m[33mWARNING[39m[22m in [1m[eslint] 
[35mmy-app:start: [0msrc\App.tsx
[35mmy-app:start: [0m  Line 4:10:  'Header' is defined but never used  @typescript-eslint/no-unused-vars
[35mmy-app:start: [0m
[35mmy-app:start: [0m[39m[22m
[35mmy-app:start: [0m
[35mmy-app:start: [0mwebpack compiled with [1m[33m1 warning[39m[22m
[35mmy-app:start: [0mNo issues found.
[35mmy-app:start: [0mFailed to compile.
[35mmy-app:start: [0m
[35mmy-app:start: [0mModule not found: Error: Can't resolve '../assets/pikachu.png' in 'D:\Coding\AnimeLibrary\client\src\features'
[35mmy-app:start: [0m[1m[33mWARNING[39m[22m in [1m[eslint] 
[35mmy-app:start: [0msrc\App.tsx
[35mmy-app:start: [0m  Line 4:10:  'Header' is defined but never used  @typescript-eslint/no-unused-vars
[35mmy-app:start: [0m
[35mmy-app:start: [0m[39m[22m
[35mmy-app:start: [0m
[35mmy-app:start: [0m[1m[31mERROR[39m[22m in [1m./src/features/Header.tsx[39m[22m [1m[32m6:0-41[39m[22m
[35mmy-app:start: [0m[1mModule [1m[31mnot found[39m[22m[1m: [1m[31mError[39m[22m[1m: Can't resolve '../assets/pikachu.png' in 'D:\Coding\AnimeLibrary\client\src\features'[39m[22m
[35mmy-app:start: [0m
[35mmy-app:start: [0mwebpack compiled with [1m[31m1 error[39m[22m and [1m[33m1 warning[39m[22m
[35mmy-app:start: [0mNo issues found.
[35mmy-app:start: [0mCompiling...
[35mmy-app:start: [0mCompiled with warnings.
[35mmy-app:start: [0m
[35mmy-app:start: [0m[eslint] 
[35mmy-app:start: [0msrc\App.tsx
[35mmy-app:start: [0m  Line 4:10:  'Header' is defined but never used  @typescript-eslint/no-unused-vars
[35mmy-app:start: [0m
[35mmy-app:start: [0mSearch for the keywords to learn more about each warning.
[35mmy-app:start: [0mTo ignore, add // eslint-disable-next-line to the line before.
[35mmy-app:start: [0m
[35mmy-app:start: [0m[1m[33mWARNING[39m[22m in [1m[eslint] 
[35mmy-app:start: [0msrc\App.tsx
[35mmy-app:start: [0m  Line 4:10:  'Header' is defined but never used  @typescript-eslint/no-unused-vars
[35mmy-app:start: [0m
[35mmy-app:start: [0m[39m[22m
[35mmy-app:start: [0m
[35mmy-app:start: [0mwebpack compiled with [1m[33m1 warning[39m[22m
[35mmy-app:start: [0mNo issues found.
[35mmy-app:start: [0mFailed to compile.
[35mmy-app:start: [0m
[35mmy-app:start: [0mModule not found: Error: Can't resolve '../assets/pikachu.png' in 'D:\Coding\AnimeLibrary\client\src\features'
[35mmy-app:start: [0m[1m[33mWARNING[39m[22m in [1m[eslint] 
[35mmy-app:start: [0msrc\App.tsx
[35mmy-app:start: [0m  Line 4:10:  'Header' is defined but never used  @typescript-eslint/no-unused-vars
[35mmy-app:start: [0m
[35mmy-app:start: [0m[39m[22m
[35mmy-app:start: [0m
[35mmy-app:start: [0m[1m[31mERROR[39m[22m in [1m./src/features/Header.tsx[39m[22m [1m[32m6:0-41[39m[22m
[35mmy-app:start: [0m[1mModule [1m[31mnot found[39m[22m[1m: [1m[31mError[39m[22m[1m: Can't resolve '../assets/pikachu.png' in 'D:\Coding\AnimeLibrary\client\src\features'[39m[22m
[35mmy-app:start: [0m
[35mmy-app:start: [0mwebpack compiled with [1m[31m1 error[39m[22m and [1m[33m1 warning[39m[22m
[35mmy-app:start: [0mNo issues found.
[35mmy-app:start: [0mCompiling...
[35mmy-app:start: [0mCompiled with warnings.
[35mmy-app:start: [0m
[35mmy-app:start: [0m[eslint] 
[35mmy-app:start: [0msrc\App.tsx
[35mmy-app:start: [0m  Line 4:10:  'Header' is defined but never used  @typescript-eslint/no-unused-vars
[35mmy-app:start: [0m
[35mmy-app:start: [0mSearch for the keywords to learn more about each warning.
[35mmy-app:start: [0mTo ignore, add // eslint-disable-next-line to the line before.
[35mmy-app:start: [0m
[35mmy-app:start: [0m[1m[33mWARNING[39m[22m in [1m[eslint] 
[35mmy-app:start: [0msrc\App.tsx
[35mmy-app:start: [0m  Line 4:10:  'Header' is defined but never used  @typescript-eslint/no-unused-vars
[35mmy-app:start: [0m
[35mmy-app:start: [0m[39m[22m
[35mmy-app:start: [0m
[35mmy-app:start: [0mwebpack compiled with [1m[33m1 warning[39m[22m
[35mmy-app:start: [0mNo issues found.
[35mmy-app:start: [0mFailed to compile.
[35mmy-app:start: [0m
[35mmy-app:start: [0mModule not found: Error: Can't resolve '../assets/pikachu.png' in 'D:\Coding\AnimeLibrary\client\src\features'
[35mmy-app:start: [0m[1m[33mWARNING[39m[22m in [1m[eslint] 
[35mmy-app:start: [0msrc\App.tsx
[35mmy-app:start: [0m  Line 4:10:  'Header' is defined but never used  @typescript-eslint/no-unused-vars
[35mmy-app:start: [0m
[35mmy-app:start: [0m[39m[22m
[35mmy-app:start: [0m
[35mmy-app:start: [0m[1m[31mERROR[39m[22m in [1m./src/features/Header.tsx[39m[22m [1m[32m6:0-41[39m[22m
[35mmy-app:start: [0m[1mModule [1m[31mnot found[39m[22m[1m: [1m[31mError[39m[22m[1m: Can't resolve '../assets/pikachu.png' in 'D:\Coding\AnimeLibrary\client\src\features'[39m[22m
[35mmy-app:start: [0m
[35mmy-app:start: [0mwebpack compiled with [1m[31m1 error[39m[22m and [1m[33m1 warning[39m[22m
[35mmy-app:start: [0mNo issues found.
[35mmy-app:start: [0mCompiling...
[35mmy-app:start: [0mCompiled with warnings.
[35mmy-app:start: [0m
[35mmy-app:start: [0m[eslint] 
[35mmy-app:start: [0msrc\App.tsx
[35mmy-app:start: [0m  Line 4:10:  'Header' is defined but never used  @typescript-eslint/no-unused-vars
[35mmy-app:start: [0m
[35mmy-app:start: [0mSearch for the keywords to learn more about each warning.
[35mmy-app:start: [0mTo ignore, add // eslint-disable-next-line to the line before.
[35mmy-app:start: [0m
[35mmy-app:start: [0m[1m[33mWARNING[39m[22m in [1m[eslint] 
[35mmy-app:start: [0msrc\App.tsx
[35mmy-app:start: [0m  Line 4:10:  'Header' is defined but never used  @typescript-eslint/no-unused-vars
[35mmy-app:start: [0m
[35mmy-app:start: [0m[39m[22m
[35mmy-app:start: [0m
[35mmy-app:start: [0mwebpack compiled with [1m[33m1 warning[39m[22m
[35mmy-app:start: [0mFiles successfully emitted, waiting for typecheck results...
[35mmy-app:start: [0mIssues checking in progress...
[35mmy-app:start: [0mNo issues found.
[35mmy-app:start: [0mCompiling...
[35mmy-app:start: [0mCompiled with warnings.
[35mmy-app:start: [0m
[35mmy-app:start: [0m[eslint] 
[35mmy-app:start: [0msrc\App.tsx
[35mmy-app:start: [0m  Line 4:10:  'Header' is defined but never used  @typescript-eslint/no-unused-vars
[35mmy-app:start: [0m
[35mmy-app:start: [0mSearch for the keywords to learn more about each warning.
[35mmy-app:start: [0mTo ignore, add // eslint-disable-next-line to the line before.
[35mmy-app:start: [0m
[35mmy-app:start: [0m[1m[33mWARNING[39m[22m in [1m[eslint] 
[35mmy-app:start: [0msrc\App.tsx
[35mmy-app:start: [0m  Line 4:10:  'Header' is defined but never used  @typescript-eslint/no-unused-vars
[35mmy-app:start: [0m
[35mmy-app:start: [0m[39m[22m
[35mmy-app:start: [0m
[35mmy-app:start: [0mwebpack compiled with [1m[33m1 warning[39m[22m
[35mmy-app:start: [0mNo issues found.
[35mmy-app:start: [0mCompiling...
[35mmy-app:start: [0mCompiled with warnings.
[35mmy-app:start: [0m
[35mmy-app:start: [0m[eslint] 
[35mmy-app:start: [0msrc\App.tsx
[35mmy-app:start: [0m  Line 4:10:  'Header' is defined but never used  @typescript-eslint/no-unused-vars
[35mmy-app:start: [0m
[35mmy-app:start: [0mSearch for the keywords to learn more about each warning.
[35mmy-app:start: [0mTo ignore, add // eslint-disable-next-line to the line before.
[35mmy-app:start: [0m
[35mmy-app:start: [0m[1m[33mWARNING[39m[22m in [1m[eslint] 
[35mmy-app:start: [0msrc\App.tsx
[35mmy-app:start: [0m  Line 4:10:  'Header' is defined but never used  @typescript-eslint/no-unused-vars
[35mmy-app:start: [0m
[35mmy-app:start: [0m[39m[22m
[35mmy-app:start: [0m
[35mmy-app:start: [0mwebpack compiled with [1m[33m1 warning[39m[22m
[35mmy-app:start: [0mFiles successfully emitted, waiting for typecheck results...
[35mmy-app:start: [0mIssues checking in progress...
[35mmy-app:start: [0mNo issues found.
[35mmy-app:start: [0mCompiling...
[35mmy-app:start: [0mCompiled with warnings.
[35mmy-app:start: [0m
[35mmy-app:start: [0m[eslint] 
[35mmy-app:start: [0msrc\App.tsx
[35mmy-app:start: [0m  Line 4:10:  'Header' is defined but never used  @typescript-eslint/no-unused-vars
[35mmy-app:start: [0m
[35mmy-app:start: [0mSearch for the keywords to learn more about each warning.
[35mmy-app:start: [0mTo ignore, add // eslint-disable-next-line to the line before.
[35mmy-app:start: [0m
[35mmy-app:start: [0m[1m[33mWARNING[39m[22m in [1m[eslint] 
[35mmy-app:start: [0msrc\App.tsx
[35mmy-app:start: [0m  Line 4:10:  'Header' is defined but never used  @typescript-eslint/no-unused-vars
[35mmy-app:start: [0m
[35mmy-app:start: [0m[39m[22m
[35mmy-app:start: [0m
[35mmy-app:start: [0mwebpack compiled with [1m[33m1 warning[39m[22m
[35mmy-app:start: [0mFiles successfully emitted, waiting for typecheck results...
[35mmy-app:start: [0mIssues checking in progress...
[35mmy-app:start: [0mNo issues found.
[35mmy-app:start: [0mCompiling...
[35mmy-app:start: [0mCompiled with warnings.
[35mmy-app:start: [0m
[35mmy-app:start: [0m[eslint] 
[35mmy-app:start: [0msrc\App.tsx
[35mmy-app:start: [0m  Line 4:10:  'Header' is defined but never used  @typescript-eslint/no-unused-vars
[35mmy-app:start: [0m
[35mmy-app:start: [0mSearch for the keywords to learn more about each warning.
[35mmy-app:start: [0mTo ignore, add // eslint-disable-next-line to the line before.
[35mmy-app:start: [0m
[35mmy-app:start: [0m[1m[33mWARNING[39m[22m in [1m[eslint] 
[35mmy-app:start: [0msrc\App.tsx
[35mmy-app:start: [0m  Line 4:10:  'Header' is defined but never used  @typescript-eslint/no-unused-vars
[35mmy-app:start: [0m
[35mmy-app:start: [0m[39m[22m
[35mmy-app:start: [0m
[35mmy-app:start: [0mwebpack compiled with [1m[33m1 warning[39m[22m
[35mmy-app:start: [0mNo issues found.
[35mmy-app:start: [0mCompiling...
[35mmy-app:start: [0mFailed to compile.
[35mmy-app:start: [0m
[35mmy-app:start: [0m[eslint] 
[35mmy-app:start: [0msrc\features\Header.tsx
[35mmy-app:start: [0m  Line 21:8:  'TextField' is not defined  react/jsx-no-undef
[35mmy-app:start: [0m
[35mmy-app:start: [0mSearch for the keywords to learn more about each error.
[35mmy-app:start: [0m[1m[33mWARNING[39m[22m in [1m[eslint] 
[35mmy-app:start: [0msrc\App.tsx
[35mmy-app:start: [0m  Line 4:10:  'Header' is defined but never used  @typescript-eslint/no-unused-vars
[35mmy-app:start: [0m
[35mmy-app:start: [0m[39m[22m
[35mmy-app:start: [0m
[35mmy-app:start: [0m[1m[31mERROR[39m[22m in [1m[eslint] 
[35mmy-app:start: [0msrc\features\Header.tsx
[35mmy-app:start: [0m  Line 21:8:  'TextField' is not defined  react/jsx-no-undef
[35mmy-app:start: [0m
[35mmy-app:start: [0mSearch for the keywords to learn more about each [1m[31merror[39m[22m[1m.[39m[22m
[35mmy-app:start: [0m
[35mmy-app:start: [0mwebpack compiled with [1m[31m1 error[39m[22