[35mmy-app:build[0m: cache hit, replaying output [2m3f06029a4de9ecd6[0m
[35mmy-app:build: [0m$ react-scripts build
[35mmy-app:build: [0mCreating an optimized production build...
[35mmy-app:build: [0mCompiled successfully.
[35mmy-app:build: [0m
[35mmy-app:build: [0mFile sizes after gzip:
[35mmy-app:build: [0m
[35mmy-app:build: [0m  46.6 kB  build\static\js\main.f1659681.js
[35mmy-app:build: [0m  1.78 kB  build\static\js\512.125ea300.chunk.js
[35mmy-app:build: [0m  541 B    build\static\css\main.073c9b0a.css
[35mmy-app:build: [0m
[35mmy-app:build: [0mThe project was built assuming it is hosted at /.
[35mmy-app:build: [0mYou can control this with the homepage field in your package.json.
[35mmy-app:build: [0m
[35mmy-app:build: [0mThe build folder is ready to be deployed.
[35mmy-app:build: [0mYou may serve it with a static server:
[35mmy-app:build: [0m
[35mmy-app:build: [0m  npm install -g serve
[35mmy-app:build: [0m  serve -s build
[35mmy-app:build: [0m
[35mmy-app:build: [0mFind out more about deployment here:
[35mmy-app:build: [0m
[35mmy-app:build: [0m  https://cra.link/deployment
[35mmy-app:build: [0m
